2020-06-10 09:05:15.525 logback [main] INFO  com.course.config.TestConfig - 登录接口测试地址http://localhost:8088/user/login
2020-06-10 09:05:15.721 logback [main] INFO  com.course.config.TestConfig - 执行post请求
2020-06-10 09:05:15.728 logback [main] INFO  com.course.config.TestConfig - 接口返回结果为true
2020-06-10 09:05:15.728 logback [main] INFO  com.course.config.TestConfig - cookies信息
2020-06-10 09:05:15.729 logback [main] INFO  com.course.config.TestConfig - cookies:login:true
2020-06-10 09:05:15.729 logback [main] INFO  com.course.config.TestConfig - 期望结果为true
2020-06-10 09:05:15.734 logback [main] INFO  com.course.config.TestConfig - 接口结果验证成功，测试通过
2020-06-10 09:05:15.916 logback [main] INFO  com.course.config.TestConfig - 添加用户接口地址为http://localhost:8088/user/addUser
2020-06-10 09:05:15.917 logback [main] INFO  com.course.config.TestConfig - 用例参数为{id:0,userName:阿拉伯酋长,password:123,age:18,sex:男,permission:1,isDelete:no,expected:addUserCase}
2020-06-10 09:05:15.917 logback [main] INFO  com.course.config.TestConfig - 执行post请求
2020-06-10 09:05:15.973 logback [main] INFO  com.course.config.TestConfig - 接口的返回结果为{"id":0,"userName":"阿拉伯酋长","password":"123","age":"18","sex":"18","permission":"1","isDelete":"no"}
2020-06-10 09:05:15.976 logback [main] INFO  com.course.config.TestConfig - 结果验证成功，测试通过
2020-06-10 09:09:25.850 logback [main] INFO  com.course.config.TestConfig - 登录接口测试地址http://localhost:8088/user/login
2020-06-10 09:09:26.025 logback [main] INFO  com.course.config.TestConfig - 执行post请求
2020-06-10 09:09:26.033 logback [main] INFO  com.course.config.TestConfig - 接口返回结果为true
2020-06-10 09:09:26.034 logback [main] INFO  com.course.config.TestConfig - cookies信息
2020-06-10 09:09:26.034 logback [main] INFO  com.course.config.TestConfig - cookies:login:true
2020-06-10 09:09:26.034 logback [main] INFO  com.course.config.TestConfig - 期望结果为true
2020-06-10 09:09:26.038 logback [main] INFO  com.course.config.TestConfig - 接口结果验证成功，测试通过
2020-06-10 09:09:26.354 logback [main] INFO  com.course.config.TestConfig - 添加用户接口地址为http://localhost:8088/user/addUser
2020-06-10 09:09:26.355 logback [main] INFO  com.course.config.TestConfig - 用例参数为{id:0,userName:阿拉伯酋长,password:123,age:18,sex:男,permission:1,isDelete:no,expected:addUserCase}
2020-06-10 09:09:26.355 logback [main] INFO  com.course.config.TestConfig - 执行post请求
2020-06-10 09:09:26.375 logback [main] INFO  com.course.config.TestConfig - 接口的返回结果为{"id":0,"userName":"阿拉伯酋长","password":"123","age":"18","sex":"18","permission":"1","isDelete":"no"}
2020-06-10 09:09:26.376 logback [main] INFO  com.course.config.TestConfig - 结果验证成功，测试通过
2020-06-10 09:11:18.717 logback [main] INFO  com.course.config.TestConfig - 登录接口测试地址http://localhost:8088/user/login
2020-06-10 09:11:18.963 logback [main] INFO  com.course.config.TestConfig - 执行post请求
2020-06-10 09:11:18.975 logback [main] INFO  com.course.config.TestConfig - 接口返回结果为true
2020-06-10 09:11:18.978 logback [main] INFO  com.course.config.TestConfig - cookies信息
2020-06-10 09:11:18.979 logback [main] INFO  com.course.config.TestConfig - cookies:login:true
2020-06-10 09:11:18.980 logback [main] INFO  com.course.config.TestConfig - 期望结果为true
2020-06-10 09:11:18.988 logback [main] INFO  com.course.config.TestConfig - 接口结果验证成功，测试通过
2020-06-10 09:11:19.186 logback [main] INFO  com.course.config.TestConfig - 添加用户接口地址为http://localhost:8088/user/addUser
2020-06-10 09:11:19.187 logback [main] INFO  com.course.config.TestConfig - 用例参数为{id:0,userName:阿拉伯酋长,password:123,age:18,sex:男,permission:1,isDelete:no,expected:addUserCase}
2020-06-10 09:11:19.188 logback [main] INFO  com.course.config.TestConfig - 执行post请求
2020-06-10 09:11:19.234 logback [main] INFO  com.course.config.TestConfig - 接口的返回结果为{"id":0,"userName":"阿拉伯酋长","password":"123","age":"18","sex":"18","permission":"1","isDelete":"no"}
2020-06-10 09:11:19.237 logback [main] INFO  com.course.config.TestConfig - 结果验证成功，测试通过
2020-06-10 09:14:48.902 logback [main] INFO  com.course.config.TestConfig - 登录接口测试地址http://localhost:8088/user/login
2020-06-10 09:14:49.267 logback [main] INFO  com.course.config.TestConfig - 执行post请求
2020-06-10 09:14:49.273 logback [main] INFO  com.course.config.TestConfig - 接口返回结果为true
2020-06-10 09:14:49.274 logback [main] INFO  com.course.config.TestConfig - cookies信息
2020-06-10 09:14:49.275 logback [main] INFO  com.course.config.TestConfig - cookies:login:true
2020-06-10 09:14:49.275 logback [main] INFO  com.course.config.TestConfig - 期望结果为true
2020-06-10 09:14:49.279 logback [main] INFO  com.course.config.TestConfig - 接口结果验证成功，测试通过
2020-06-10 09:14:49.540 logback [main] INFO  com.course.config.TestConfig - 添加用户的接口地址http://localhost:8088/user/addUser
2020-06-10 09:14:49.540 logback [main] INFO  com.course.config.TestConfig - 用例参数为{id:0,userName:阿拉伯酋长,password:123,age:18,sex:男,permission:1,isDelete:no,expected:addUserCase}
2020-06-10 09:14:49.541 logback [main] INFO  com.course.config.TestConfig - 执行post请求
2020-06-10 09:14:49.579 logback [main] INFO  com.course.config.TestConfig - 接口的返回结果为{"id":0,"userName":"阿拉伯酋长","password":"123","age":"18","sex":"18","permission":"1","isDelete":"no"}
2020-06-10 09:14:49.581 logback [main] INFO  com.course.config.TestConfig - 结果验证成功，测试通过
2020-06-10 09:49:39.925 logback [main] INFO  com.course.config.TestConfig - 登录接口地址为http://localhost:8088/user/login
2020-06-10 09:49:42.411 logback [main] INFO  com.course.config.TestConfig - 执行post请求
2020-06-10 09:49:42.423 logback [main] INFO  com.course.config.TestConfig - 接口返回结果true
2020-06-10 09:49:42.424 logback [main] INFO  com.course.config.TestConfig - cookies信息
2020-06-10 09:49:42.424 logback [main] INFO  com.course.config.TestConfig - cookies:login:true
2020-06-10 09:49:42.425 logback [main] INFO  com.course.config.TestConfig - 期望结果为true
2020-06-10 09:49:42.430 logback [main] INFO  com.course.config.TestConfig - 接口结果验证成功，测试通过
2020-06-10 09:49:42.687 logback [main] INFO  com.course.config.TestConfig - 添加用户的接口地址http://localhost:8088/user/addUser
2020-06-10 09:49:42.688 logback [main] INFO  com.course.config.TestConfig - 用例参数为{id:0,userName:阿拉伯酋长,password:123,age:18,sex:男,permission:1,isDelete:no,expected:addUserCase}
2020-06-10 09:49:42.688 logback [main] INFO  com.course.config.TestConfig - 执行post请求
2020-06-10 09:49:42.794 logback [main] INFO  com.course.config.TestConfig - 接口的返回结果为{"id":0,"userName":"阿拉伯酋长","password":"123","age":"18","sex":"18","permission":"1","isDelete":"no"}
2020-06-10 09:49:42.797 logback [main] INFO  com.course.config.TestConfig - 结果验证成功，测试通过
2020-06-10 11:19:13.675 logback [main] INFO  com.course.config.TestConfig - 登录接口地址为http://localhost:8088/user/login
2020-06-10 11:19:14.030 logback [main] INFO  com.course.config.TestConfig - 执行post请求
2020-06-10 11:19:14.042 logback [main] INFO  com.course.config.TestConfig - 接口返回结果true
2020-06-10 11:19:14.042 logback [main] INFO  com.course.config.TestConfig - cookies信息
2020-06-10 11:19:14.043 logback [main] INFO  com.course.config.TestConfig - cookies:login:true
2020-06-10 11:19:14.043 logback [main] INFO  com.course.config.TestConfig - 期望结果为true
2020-06-10 11:19:14.047 logback [main] INFO  com.course.config.TestConfig - 接口结果验证成功，测试通过
2020-06-10 11:19:14.270 logback [main] INFO  com.course.config.TestConfig - 添加用户的接口地址http://localhost:8088/user/addUser
2020-06-10 11:19:14.270 logback [main] INFO  com.course.config.TestConfig - 用例参数为{id:0,userName:阿拉伯酋长,password:123,age:18,sex:男,permission:1,isDelete:no,expected:addUserCase}
2020-06-10 11:19:14.271 logback [main] INFO  com.course.config.TestConfig - 执行post请求
2020-06-10 11:19:14.316 logback [main] INFO  com.course.config.TestConfig - 接口的返回结果为{"id":0,"userName":"阿拉伯酋长","password":"123","age":"18","sex":"18","permission":"1","isDelete":"no"}
2020-06-10 11:19:14.320 logback [main] INFO  com.course.config.TestConfig - 结果验证成功，测试通过
2020-06-10 11:20:42.961 logback [main] INFO  com.course.config.TestConfig - 登录接口http://localhost:8088/user/login
2020-06-10 11:20:43.219 logback [main] INFO  com.course.config.TestConfig - 执行post请求
2020-06-10 11:20:43.224 logback [main] INFO  com.course.config.TestConfig - 接口返回结果true
2020-06-10 11:20:43.225 logback [main] INFO  com.course.config.TestConfig - cookies信息
2020-06-10 11:20:43.225 logback [main] INFO  com.course.config.TestConfig - cookies:login:true
2020-06-10 11:20:43.225 logback [main] INFO  com.course.config.TestConfig - 期望结果为true
2020-06-10 11:20:43.238 logback [main] INFO  com.course.config.TestConfig - 接口结果验证成功，测试通过
2020-06-10 11:20:43.505 logback [main] INFO  com.course.config.TestConfig - 添加用户的接口地址http://localhost:8088/user/addUser
2020-06-10 11:20:43.506 logback [main] INFO  com.course.config.TestConfig - 用例参数为{id:0,userName:阿拉伯酋长,password:123,age:18,sex:男,permission:1,isDelete:no,expected:addUserCase}
2020-06-10 11:20:43.507 logback [main] INFO  com.course.config.TestConfig - 执行post请求
2020-06-10 11:20:43.550 logback [main] INFO  com.course.config.TestConfig - 接口的返回结果为{"id":0,"userName":"阿拉伯酋长","password":"123","age":"18","sex":"18","permission":"1","isDelete":"no"}
2020-06-10 11:20:43.555 logback [main] INFO  com.course.config.TestConfig - 结果验证成功，测试通过
2020-06-10 11:22:42.669 logback [main] INFO  com.course.config.TestConfig - 登录接口http://localhost:8088/user/login
2020-06-10 11:22:42.890 logback [main] INFO  com.course.config.TestConfig - 执行post请求
2020-06-10 11:22:42.896 logback [main] INFO  com.course.config.TestConfig - 接口返回结果true
2020-06-10 11:22:42.897 logback [main] INFO  com.course.config.TestConfig - cookies信息
2020-06-10 11:22:42.897 logback [main] INFO  com.course.config.TestConfig - cookies:login:true
2020-06-10 11:22:42.897 logback [main] INFO  com.course.config.TestConfig - 期望结果为true
2020-06-10 11:22:42.902 logback [main] INFO  com.course.config.TestConfig - 接口结果验证成功，测试通过
2020-06-10 11:22:43.228 logback [main] INFO  com.course.config.TestConfig - 添加用户的接口地址http://localhost:8088/user/addUser
2020-06-10 11:22:43.228 logback [main] INFO  com.course.config.TestConfig - 用例参数为{id:0,userName:阿拉伯酋长,password:123,age:18,sex:男,permission:1,isDelete:no,expected:addUserCase}
2020-06-10 11:22:43.229 logback [main] INFO  com.course.config.TestConfig - 执行post请求
2020-06-10 11:22:43.277 logback [main] INFO  com.course.config.TestConfig - 接口的返回结果为{"id":0,"userName":"阿拉伯酋长","password":"123","age":"18","sex":"18","permission":"1","isDelete":"no"}
2020-06-10 11:22:43.280 logback [main] INFO  com.course.config.TestConfig - 结果验证成功，测试通过
2020-06-10 11:28:09.193 logback [main] INFO  com.course.config.TestConfig - 登录接口http://localhost:8088/user/login
2020-06-10 11:28:09.486 logback [main] INFO  com.course.config.TestConfig - 执行post请求
2020-06-10 11:28:09.493 logback [main] INFO  com.course.config.TestConfig - 接口返回结果true
2020-06-10 11:28:09.493 logback [main] INFO  com.course.config.TestConfig - cookies信息
2020-06-10 11:28:09.494 logback [main] INFO  com.course.config.TestConfig - cookies:login:true
2020-06-10 11:28:09.496 logback [main] INFO  com.course.config.TestConfig - 期望结果为true
2020-06-10 11:28:09.501 logback [main] INFO  com.course.config.TestConfig - 接口结果验证成功，测试通过
2020-06-10 11:28:09.677 logback [main] INFO  com.course.config.TestConfig - 添加用户的接口地址http://localhost:8088/user/addUser
2020-06-10 11:28:09.678 logback [main] INFO  com.course.config.TestConfig - 用例参数为{id:0,userName:阿拉伯酋长,password:123,age:18,sex:男,permission:1,isDelete:no,expected:addUserCase}
2020-06-10 11:28:09.679 logback [main] INFO  com.course.config.TestConfig - 执行post请求
2020-06-10 11:28:09.736 logback [main] INFO  com.course.config.TestConfig - 接口的返回结果为{"id":0,"userName":"阿拉伯酋长","password":"123","age":"18","sex":"18","permission":"1","isDelete":"no"}
2020-06-10 11:28:09.739 logback [main] INFO  com.course.config.TestConfig - 结果验证成功，测试通过
2020-06-10 11:29:32.969 logback [main] INFO  com.course.config.TestConfig - 登录接口http://localhost:8088/user/login
2020-06-10 11:29:33.171 logback [main] INFO  com.course.config.TestConfig - 执行post请求
2020-06-10 11:29:33.175 logback [main] INFO  com.course.config.TestConfig - 接口返回结果true
2020-06-10 11:29:33.176 logback [main] INFO  com.course.config.TestConfig - cookies信息
2020-06-10 11:29:33.176 logback [main] INFO  com.course.config.TestConfig - cookies:login:true
2020-06-10 11:29:33.176 logback [main] INFO  com.course.config.TestConfig - 期望结果为true
2020-06-10 11:29:33.180 logback [main] INFO  com.course.config.TestConfig - 接口结果验证成功，测试通过
2020-06-10 11:29:33.340 logback [main] INFO  com.course.config.TestConfig - 添加用户的接口地址http://localhost:8088/user/addUser
2020-06-10 11:29:33.340 logback [main] INFO  com.course.config.TestConfig - 用例参数为{id:0,userName:阿拉伯酋长,password:123,age:18,sex:男,permission:1,isDelete:no,expected:addUserCase}
2020-06-10 11:29:33.340 logback [main] INFO  com.course.config.TestConfig - 执行post请求
2020-06-10 11:29:33.374 logback [main] INFO  com.course.config.TestConfig - 接口的返回结果为{"id":0,"userName":"阿拉伯酋长","password":"123","age":"18","sex":"18","permission":"1","isDelete":"no"}
2020-06-10 11:29:33.377 logback [main] INFO  com.course.config.TestConfig - 结果验证成功，测试通过
